<?xml version="1.0" encoding="UTF-8"?>
<testsuites>
	<testsuite name="package/name" tests="2" skipped="0" failures="0" time="0.05">
		<testcase name="TestOne" time="0.02"></testcase>
		<testcase name="TestTwo" time="0.03"></testcase>
	</testsuite>
	<testsuite name="package/name/nested" tests="2" skipped="1" failures="1" time="0.05">
		<testcase name="TestOne" time="0.02">
			<failure message="">file_test.go:11: Error message&#xA;file_test.go:11: Longer&#xA;error&#xA;message.</failure>
		</testcase>
		<testcase name="TestTwo" time="0.03">
			<skipped message="file_test.go:11: Skip message"></skipped>
		</testcase>
	</testsuite>
	<testsuite name="package/other/nested" tests="2" skipped="0" failures="0" time="0.3">
		<testcase name="TestOne" time="0.1"></testcase>
		<testcase name="TestTwo" time="0.2"></testcase>
	</testsuite>
</testsuites>
