<?xml version="1.0" encoding="UTF-8"?>
<testsuites>
	<testsuite name="parser/gotest" tests="4" skipped="0" failures="2" time="0.019">
		<testcase name="TestSubTestWithFailures" time="0">
			<failure message=""></failure>
		</testcase>
		<testcase name="TestSubTestWithFailures/subtest-pass-1" time="0"></testcase>
		<testcase name="TestSubTestWithFailures/subtest-pass-2" time="0"></testcase>
		<testcase name="TestSubTestWithFailures/subtest-fail-1" time="0">
			<failure message="">data_parser_test.go:14: log line&#xA;data_parser_test.go:14: failed</failure>
			<system-out>text line</system-out>
		</testcase>
	</testsuite>
</testsuites>
