<?xml version="1.0" encoding="UTF-8"?>
<testsuites>
	<testsuite name="github.com/openshift/origin/test/integration/runner" tests="4" skipped="0" failures="1" time="764.718">
		<testcase name="TestIntegration" time="0.05"></testcase>
		<testcase name="TestIntegration/TestUserInitialization" time="133.72"></testcase>
		<testcase name="TestIntegration/TestRegistryClientRegistryNotFound" time="0.55">
			<failure message="">runner_test.go:175: blah&#xA;</failure>
			<system-out>&#xA;more</system-out>
		</testcase>
		<testcase name="TestIntegration/TestRestrictUsers" time="13.19"></testcase>
	</testsuite>
</testsuites>
