<?xml version="1.0" encoding="UTF-8"?>
<testsuites>
	<testsuite name="package" tests="6" skipped="1" failures="1" time="0.4">
		<testsuite name="package/name" tests="4" skipped="1" failures="1" time="0.1">
			<testcase name="TestOne" time="0.02"></testcase>
			<testcase name="TestTwo" time="0.03"></testcase>
			<testsuite name="package/name/nested" tests="2" skipped="1" failures="1" time="0.05">
				<testcase name="TestOne" time="0.02">
					<failure message="">=== RUN   TestOne&#xA;--- FAIL: TestOne (0.02 seconds)&#xA;&#x9;file_test.go:11: Error message&#xA;&#x9;file_test.go:11: Longer&#xA;&#x9;&#x9;error&#xA;&#x9;&#x9;message.</failure>
				</testcase>
				<testcase name="TestTwo" time="0.03">
					<skipped message="=== RUN   TestTwo&#xA;--- SKIP: TestTwo (0.03 seconds)&#xA;&#x9;file_test.go:11: Skip message&#xA;PASS"></skipped>
				</testcase>
			</testsuite>
		</testsuite>
		<testsuite name="package/other" tests="2" skipped="0" failures="0" time="0.3">
			<testsuite name="package/other/nested" tests="2" skipped="0" failures="0" time="0.3">
				<testcase name="TestOne" time="0.1"></testcase>
				<testcase name="TestTwo" time="0.2"></testcase>
			</testsuite>
		</testsuite>
	</testsuite>
</testsuites>
