<testsuite name="Cluster upgrade" tests="56" errors="1" failures="1" skipped="1" time="4674.971287193" timestamp="0001-01-01T00:00:00Z" package="upgrade" hostname=""><testcase name="upgrade" classname="upgrade" time="4452.226831092"></testcase><testcase name="[bz-Cluster Version Operator] Verify presence of admin ack gate blocks upgrade until acknowledged" classname="disruption_tests" time="4613.056302268"></testcase><testcase name="[bz-Cluster Version Operator] Verify object deletions after upgrade success" classname="disruption_tests" time="4613.133166069"></testcase><testcase name="[sig-arch] Check if alerts are firing during or after upgrade success" classname="disruption_tests" time="4674.969399346"><failure message="Unexpected alert behavior during upgrade:&#xA;&#xA;alert KubePodNotScheduled pending for 477.47000002861023 seconds with labels: {container=&#34;kube-rbac-proxy-main&#34;, endpoint=&#34;https-main&#34;, job=&#34;kube-state-metrics&#34;, namespace=&#34;openshift-apiserver&#34;, pod=&#34;apiserver-5cb94bbd87-9wc5l&#34;, service=&#34;kube-state-metrics&#34;, severity=&#34;warning&#34;, uid=&#34;23051058-78c2-4514-a858-ae82cdaf89e2&#34;}&#xA;alert KubePodNotScheduled pending for 477.47000002861023 seconds with labels: {container=&#34;kube-rbac-proxy-main&#34;, endpoint=&#34;https-main&#34;, job=&#34;kube-state-metrics&#34;, namespace=&#34;openshift-authentication&#34;, pod=&#34;oauth-openshift-78f84549dd-7mpk6&#34;, service=&#34;kube-state-metrics&#34;, severity=&#34;warning&#34;, uid=&#34;ae00193f-f716-4e61-969a-523ea3bd380a&#34;}&#xA;alert KubePodNotScheduled pending for 477.47000002861023 seconds with labels: {container=&#34;kube-rbac-proxy-main&#34;, endpoint=&#34;https-main&#34;, job=&#34;kube-state-metrics&#34;, namespace=&#34;openshift-controller-manager&#34;, pod=&#34;controller-manager-7df84d7967-jvsvf&#34;, service=&#34;kube-state-metrics&#34;, severity=&#34;warning&#34;, uid=&#34;e9803105-d86c-44fd-9e45-43d831d9b465&#34;}&#xA;alert KubePodNotScheduled pending for 477.47000002861023 seconds with labels: {container=&#34;kube-rbac-proxy-main&#34;, endpoint=&#34;https-main&#34;, job=&#34;kube-state-metrics&#34;, namespace=&#34;openshift-oauth-apiserver&#34;, pod=&#34;apiserver-87688dc7c-6dtwv&#34;, service=&#34;kube-state-metrics&#34;, severity=&#34;warning&#34;, uid=&#34;5de9dc82-51a1-4646-9942-fa0ecd3e6182&#34;}&#xA;alert KubePodNotScheduled pending for 477.47000002861023 seconds with labels: {container=&#34;kube-rbac-proxy-main&#34;, endpoint=&#34;https-main&#34;, job=&#34;kube-state-metrics&#34;, namespace=&#34;openshift-route-controller-manager&#34;, pod=&#34;route-controller-manager-6bf7685d-fkx2d&#34;, service=&#34;kube-state-metrics&#34;, severity=&#34;warning&#34;, uid=&#34;9fb41e38-5010-4aef-81c7-f4f13cd29afe&#34;}" type="Failure"><![CDATA[Unexpected alert behavior during upgrade:

alert KubePodNotScheduled pending for 477.47000002861023 seconds with labels: {container="kube-rbac-proxy-main", endpoint="https-main", job="kube-state-metrics", namespace="openshift-apiserver", pod="apiserver-5cb94bbd87-9wc5l", service="kube-state-metrics", severity="warning", uid="23051058-78c2-4514-a858-ae82cdaf89e2"}
alert KubePodNotScheduled pending for 477.47000002861023 seconds with labels: {container="kube-rbac-proxy-main", endpoint="https-main", job="kube-state-metrics", namespace="openshift-authentication", pod="oauth-openshift-78f84549dd-7mpk6", service="kube-state-metrics", severity="warning", uid="ae00193f-f716-4e61-969a-523ea3bd380a"}
alert KubePodNotScheduled pending for 477.47000002861023 seconds with labels: {container="kube-rbac-proxy-main", endpoint="https-main", job="kube-state-metrics", namespace="openshift-controller-manager", pod="controller-manager-7df84d7967-jvsvf", service="kube-state-metrics", severity="warning", uid="e9803105-d86c-44fd-9e45-43d831d9b465"}
alert KubePodNotScheduled pending for 477.47000002861023 seconds with labels: {container="kube-rbac-proxy-main", endpoint="https-main", job="kube-state-metrics", namespace="openshift-oauth-apiserver", pod="apiserver-87688dc7c-6dtwv", service="kube-state-metrics", severity="warning", uid="5de9dc82-51a1-4646-9942-fa0ecd3e6182"}
alert KubePodNotScheduled pending for 477.47000002861023 seconds with labels: {container="kube-rbac-proxy-main", endpoint="https-main", job="kube-state-metrics", namespace="openshift-route-controller-manager", pod="route-controller-manager-6bf7685d-fkx2d", service="kube-state-metrics", severity="warning", uid="9fb41e38-5010-4aef-81c7-f4f13cd29afe"}]]></failure></testcase><testcase name="[sig-network-edge] Application behind service load balancer with PDB remains available using new connections" classname="disruption_tests" time="221.760298716"></testcase><testcase name="[sig-network-edge] Application behind service load balancer with PDB remains available using reused connections" classname="disruption_tests" time="184.279188462"></testcase><testcase name="[sig-imageregistry] Image registry remains available using new connections" classname="disruption_tests" time="31.27794262"></testcase><testcase name="[sig-imageregistry] Image registry remains available using reused connections" classname="disruption_tests" time="31.344212626"></testcase><testcase name="[sig-storage] [sig-api-machinery] secret-upgrade" classname="disruption_tests" time="4622.214628617"></testcase><testcase name="[sig-apps] replicaset-upgrade" classname="disruption_tests" time="4617.452655427"></testcase><testcase name="[sig-apps] statefulset-upgrade" classname="disruption_tests" time="8.6217e-05"><skipped>skipping test [sig-apps] statefulset-upgrade</skipped></testcase><testcase name="[sig-apps] deployment-upgrade" classname="disruption_tests" time="4615.589629836"></testcase><testcase name="[sig-apps] job-upgrade" classname="disruption_tests" time="4613.128426535"></testcase><testcase name="[sig-storage] [sig-api-machinery] configmap-upgrade" classname="disruption_tests" time="4622.140363046"></testcase><testcase name="[sig-apps] daemonset-upgrade" classname="disruption_tests" time="4613.280972303"></testcase><testcase name="[sig-node][Late] Image pulls are fast" classname="disruption_tests" time="4613.709567904"></testcase><testcase name="[sig-instrumentation] Prometheus metrics should be available after an upgrade" classname="disruption_tests" time="1.560038578"><error message="�[1m�[38;5;9mYour Test Panicked�[0m&#xA;�[38;5;243mgithub.com/openshift/origin/test/extended/prometheus/upgrade.go:41�[0m&#xA;  When you, or your assertion library, calls Ginkgo&#39;s Fail(),&#xA;  Ginkgo panics to prevent subsequent assertions from running.&#xA;&#xA;  Normally Ginkgo rescues this panic so you shouldn&#39;t see it.&#xA;&#xA;  However, if you make an assertion in a goroutine, Ginkgo can&#39;t capture the&#xA;  panic.&#xA;  To circumvent this, you should call&#xA;&#xA;  &#x9;defer GinkgoRecover()&#xA;&#xA;  at the top of the goroutine that caused this panic.&#xA;&#xA;  Alternatively, you may have made an assertion outside of a Ginkgo&#xA;  leaf node (e.g. in a container node or some out-of-band function) - please&#xA;  move your assertion to&#xA;  an appropriate Ginkgo node (e.g. a BeforeSuite, BeforeEach, It, etc...).&#xA;&#xA;  �[1mLearn more at:�[0m&#xA;  �[38;5;14m�[4mhttp://onsi.github.io/ginkgo/#mental-model-how-ginkgo-handles-failure�[0m&#xA;" type="Panic"><![CDATA[[1m[38;5;9mYour Test Panicked[0m
[38;5;243mgithub.com/openshift/origin/test/extended/prometheus/upgrade.go:41[0m
  When you, or your assertion library, calls Ginkgo's Fail(),
  Ginkgo panics to prevent subsequent assertions from running.

  Normally Ginkgo rescues this panic so you shouldn't see it.

  However, if you make an assertion in a goroutine, Ginkgo can't capture the
  panic.
  To circumvent this, you should call

  	defer GinkgoRecover()

  at the top of the goroutine that caused this panic.

  Alternatively, you may have made an assertion outside of a Ginkgo
  leaf node (e.g. in a container node or some out-of-band function) - please
  move your assertion to
  an appropriate Ginkgo node (e.g. a BeforeSuite, BeforeEach, It, etc...).

  [1mLearn more at:[0m
  [38;5;14m[4mhttp://onsi.github.io/ginkgo/#mental-model-how-ginkgo-handles-failure[0m


goroutine 224 [running]:
runtime/debug.Stack()
	runtime/debug/stack.go:24 +0x65
github.com/openshift/origin/test/extended/util/disruption.finalizeTest({0xc0043259b0?, 0x51d83c5?, 0xca00440?}, 0xc002142460, 0xc002106000, 0xc004747ce0)
	github.com/openshift/origin/test/extended/util/disruption/disruption.go:258 +0xbe5
panic({0x8088e60, 0xc004a39960})
	runtime/panic.go:838 +0x207
github.com/onsi/ginkgo/v2.Fail({0xc004a2dd00, 0x3e}, {0xc004a13390?, 0xc004a2dd00?, 0x13?})
	github.com/onsi/ginkgo/v2@v2.1.5-0.20220909190140-b488ab12695a/core_dsl.go:335 +0x225
github.com/onsi/gomega/internal.(*Assertion).match(0xc004a3eac0, {0x93350b0, 0xca34440}, 0x0, {0x0, 0x0, 0x0})
	github.com/onsi/gomega@v1.20.1/internal/assertion.go:105 +0x1f0
github.com/onsi/gomega/internal.(*Assertion).NotTo(0xc004a3eac0, {0x93350b0, 0xca34440}, {0x0, 0x0, 0x0})
	github.com/onsi/gomega@v1.20.1/internal/assertion.go:73 +0xb2
github.com/openshift/origin/test/extended/prometheus.(*MetricsAvailableAfterUpgradeTest).Setup(0xc00033e558, 0xc004747ce0)
	github.com/openshift/origin/test/extended/prometheus/upgrade.go:41 +0x199
github.com/openshift/origin/test/extended/util/disruption.(*chaosMonkeyAdapter).Test(0xc00211d130, 0xc0021c1518)
	github.com/openshift/origin/test/extended/util/disruption/disruption.go:194 +0x27f
k8s.io/kubernetes/test/e2e/chaosmonkey.(*Chaosmonkey).Do.func1()
	k8s.io/kubernetes@v1.25.0/test/e2e/chaosmonkey/chaosmonkey.go:94 +0x6a
created by k8s.io/kubernetes/test/e2e/chaosmonkey.(*Chaosmonkey).Do
	k8s.io/kubernetes@v1.25.0/test/e2e/chaosmonkey/chaosmonkey.go:91 +0x88
]]></error></testcase><testcase name="[sig-network-edge] Verify DNS availability during and after upgrade success" classname="disruption_tests" time="4673.495244764"></testcase><testcase name="[sig-cluster-lifecycle] Cluster version operator acknowledges upgrade" classname="" time="20.332569621"></testcase><testcase name="[sig-cluster-lifecycle] cluster upgrade should complete in 105.00 minutes" classname="" time="4400.23590398"></testcase><testcase name="[sig-cluster-lifecycle] Cluster completes upgrade" classname="" time="4400.235914616"></testcase><testcase name="[sig-mco] Machine config pools complete upgrade" classname="" time="0.225337125"></testcase><testcase name="[sig-cluster-lifecycle] ClusterOperators are available and not degraded after upgrade" classname="" time="30.543372497"></testcase><testcase name="Operator upgrade authentication" classname="" time="0"></testcase><testcase name="Operator upgrade baremetal" classname="" time="0"></testcase><testcase name="Operator upgrade cloud-controller-manager" classname="" time="0"></testcase><testcase name="Operator upgrade cloud-credential" classname="" time="0"></testcase><testcase name="Operator upgrade cluster-autoscaler" classname="" time="0"></testcase><testcase name="Operator upgrade config-operator" classname="" time="0"></testcase><testcase name="Operator upgrade console" classname="" time="0"></testcase><testcase name="Operator upgrade control-plane-machine-set" classname="" time="0"></testcase><testcase name="Operator upgrade csi-snapshot-controller" classname="" time="0"></testcase><testcase name="Operator upgrade dns" classname="" time="0"></testcase><testcase name="Operator upgrade etcd" classname="" time="0"></testcase><testcase name="Operator upgrade image-registry" classname="" time="0"></testcase><testcase name="Operator upgrade ingress" classname="" time="0"></testcase><testcase name="Operator upgrade insights" classname="" time="0"></testcase><testcase name="Operator upgrade kube-apiserver" classname="" time="0"></testcase><testcase name="Operator upgrade kube-controller-manager" classname="" time="0"></testcase><testcase name="Operator upgrade kube-scheduler" classname="" time="0"></testcase><testcase name="Operator upgrade kube-storage-version-migrator" classname="" time="0"></testcase><testcase name="Operator upgrade machine-api" classname="" time="0"></testcase><testcase name="Operator upgrade machine-approver" classname="" time="0"></testcase><testcase name="Operator upgrade machine-config" classname="" time="0"></testcase><testcase name="Operator upgrade marketplace" classname="" time="0"></testcase><testcase name="Operator upgrade monitoring" classname="" time="0"></testcase><testcase name="Operator upgrade network" classname="" time="0"></testcase><testcase name="Operator upgrade node-tuning" classname="" time="0"></testcase><testcase name="Operator upgrade openshift-apiserver" classname="" time="0"></testcase><testcase name="Operator upgrade openshift-controller-manager" classname="" time="0"></testcase><testcase name="Operator upgrade openshift-samples" classname="" time="0"></testcase><testcase name="Operator upgrade operator-lifecycle-manager" classname="" time="0"></testcase><testcase name="Operator upgrade operator-lifecycle-manager-catalog" classname="" time="0"></testcase><testcase name="Operator upgrade operator-lifecycle-manager-packageserver" classname="" time="0"></testcase><testcase name="Operator upgrade service-ca" classname="" time="0"></testcase><testcase name="Operator upgrade storage" classname="" time="0"></testcase><testcase name="[sig-arch] Check if alerts are firing during or after upgrade success" classname="disruption_tests" time="4674.969399346"></testcase></testsuite>