<?xml version="1.0" encoding="UTF-8"?>
<testsuites>
	<testsuite name="package" tests="2" skipped="0" failures="1" time="0.15">
		<testsuite name="package/name" tests="2" skipped="0" failures="1" time="0.15">
			<testcase name="TestOne" time="0.02">
				<failure message="">=== RUN TestOne&#xA;--- FAIL: TestOne (0.02 seconds)&#xA;&#x9;file_test.go:11: Error message&#xA;&#x9;file_test.go:11: Longer&#xA;&#x9;&#x9;error&#xA;&#x9;&#x9;message.</failure>
			</testcase>
			<testcase name="TestTwo" time="0.13"></testcase>
		</testsuite>
	</testsuite>
</testsuites>
